<?xml version="1.0" encoding="UTF-8"?>
<!-- Generated by org.testng.reporters.JUnitXMLReporter -->
<testsuite ignored="0" hostname="Usha-PC" failures="0" tests="3" name="Default test" time="54.002" errors="0" timestamp="2021-08-26T14:08:35 IST">
  <testcase classname="com.crm.qa.testcases.LoginPageTest" name="loginPageTitleTest" time="0.168"/>
  <testcase classname="com.crm.qa.testcases.LoginPageTest" name="crmLogoImageTest" time="0.568"/>
  <testcase classname="com.crm.qa.testcases.LoginPageTest" name="loginTest" time="12.677"/>
</testsuite> <!-- Default test -->
