<?xml version="1.0" encoding="UTF-8"?>
<testng-results ignored="0" total="3" passed="3" failed="0" skipped="0">
  <reporter-output>
  </reporter-output>
  <suite started-at="2021-08-26T14:07:41 IST" name="Default suite" finished-at="2021-08-26T14:08:35 IST" duration-ms="54002">
    <groups>
    </groups>
    <test started-at="2021-08-26T14:07:41 IST" name="Default test" finished-at="2021-08-26T14:08:35 IST" duration-ms="54002">
      <class name="com.crm.qa.testcases.LoginPageTest">
        <test-method is-config="true" signature="setUp()[pri:0, instance:com.crm.qa.testcases.LoginPageTest@54bff557]" started-at="2021-08-26T14:07:41 IST" name="setUp" finished-at="2021-08-26T14:07:56 IST" duration-ms="14877" status="PASS">
          <reporter-output>
          </reporter-output>
        </test-method> <!-- setUp -->
        <test-method signature="loginPageTitleTest()[pri:1, instance:com.crm.qa.testcases.LoginPageTest@54bff557]" started-at="2021-08-26T14:07:56 IST" name="loginPageTitleTest" finished-at="2021-08-26T14:07:56 IST" duration-ms="168" status="PASS">
          <reporter-output>
          </reporter-output>
        </test-method> <!-- loginPageTitleTest -->
        <test-method is-config="true" signature="tearDown()[pri:0, instance:com.crm.qa.testcases.LoginPageTest@54bff557]" started-at="2021-08-26T14:07:56 IST" name="tearDown" finished-at="2021-08-26T14:07:57 IST" duration-ms="1118" status="PASS">
          <reporter-output>
          </reporter-output>
        </test-method> <!-- tearDown -->
        <test-method is-config="true" signature="setUp()[pri:0, instance:com.crm.qa.testcases.LoginPageTest@54bff557]" started-at="2021-08-26T14:07:57 IST" name="setUp" finished-at="2021-08-26T14:08:07 IST" duration-ms="9900" status="PASS">
          <reporter-output>
          </reporter-output>
        </test-method> <!-- setUp -->
        <test-method signature="crmLogoImageTest()[pri:2, instance:com.crm.qa.testcases.LoginPageTest@54bff557]" started-at="2021-08-26T14:08:07 IST" name="crmLogoImageTest" finished-at="2021-08-26T14:08:08 IST" duration-ms="568" status="PASS">
          <reporter-output>
          </reporter-output>
        </test-method> <!-- crmLogoImageTest -->
        <test-method is-config="true" signature="tearDown()[pri:0, instance:com.crm.qa.testcases.LoginPageTest@54bff557]" started-at="2021-08-26T14:08:08 IST" name="tearDown" finished-at="2021-08-26T14:08:09 IST" duration-ms="1089" status="PASS">
          <reporter-output>
          </reporter-output>
        </test-method> <!-- tearDown -->
        <test-method is-config="true" signature="setUp()[pri:0, instance:com.crm.qa.testcases.LoginPageTest@54bff557]" started-at="2021-08-26T14:08:09 IST" name="setUp" finished-at="2021-08-26T14:08:21 IST" duration-ms="12191" status="PASS">
          <reporter-output>
          </reporter-output>
        </test-method> <!-- setUp -->
        <test-method signature="loginTest()[pri:3, instance:com.crm.qa.testcases.LoginPageTest@54bff557]" started-at="2021-08-26T14:08:21 IST" name="loginTest" finished-at="2021-08-26T14:08:34 IST" duration-ms="12677" status="PASS">
          <reporter-output>
          </reporter-output>
        </test-method> <!-- loginTest -->
        <test-method is-config="true" signature="tearDown()[pri:0, instance:com.crm.qa.testcases.LoginPageTest@54bff557]" started-at="2021-08-26T14:08:34 IST" name="tearDown" finished-at="2021-08-26T14:08:35 IST" duration-ms="1245" status="PASS">
          <reporter-output>
          </reporter-output>
        </test-method> <!-- tearDown -->
      </class> <!-- com.crm.qa.testcases.LoginPageTest -->
    </test> <!-- Default test -->
  </suite> <!-- Default suite -->
</testng-results>
